=== HTTP/2 BENCHMARK RESULTS ===
=== NETWORK CONDITIONS ===
Timestamp: 2025-06-28 09:09:44
Delay: 150ms
Loss: 3%
Router IP: 172.30.0.254
Server IP: 172.30.0.2
Current qdisc configuration:
qdisc netem 8058: root refcnt 9 limit 1000 delay 150ms loss 3%

starting benchmark...
spawning thread #0: 5 total client(s). 500 total requests
spawning thread #1: 5 total client(s). 500 total requests
TLS Protocol: TLSv1.3
Cipher: TLS_AES_128_GCM_SHA256
Server Temp Key: X25519 253 bits
Application protocol: h2
progress: 10% done
progress: 20% done
progress: 30% done
progress: 40% done
progress: 50% done
progress: 60% done
progress: 70% done
progress: 80% done
progress: 90% done
progress: 100% done

finished in 14.55ms, 68719.08 req/s, 10.26MB/s
requests: 1000 total, 1000 started, 1000 done, 1000 succeeded, 0 failed, 0 errored, 0 timeout
status codes: 1000 2xx, 0 3xx, 0 4xx, 0 5xx
traffic: 152.82KB (156490) total, 98.63KB (101000) headers (space savings 37.27%), 36.13KB (37000) data
                     min         max         mean         sd        +/- sd
time for request:       69us      6.90ms       895us      1.18ms    92.00%
time for connect:     1.31ms      8.33ms      4.69ms      2.30ms    60.00%
time to 1st byte:     7.88ms      9.33ms      8.64ms       437us    70.00%
req/s           :    6901.73     7559.79     7137.77      180.81    80.00%

=== BENCHMARK SUMMARY ===
Protocol: HTTP/2
End Time: 2025-06-28 09:09:44
