=== HTTP/2 BENCHMARK RESULTS ===
=== NETWORK CONDITIONS ===
Timestamp: 2025-06-29 13:49:40
Delay: 100ms
Loss: 1%
Router IP: 172.30.0.254
Server IP: 172.30.0.2
Current qdisc configuration:
qdisc netem 8002: root refcnt 9 limit 1000 delay 100ms loss 1%

-t: warning: the number of threads is greater than hardware cores.
starting benchmark...
spawning thread #0: 5 total client(s). 100 total requests
spawning thread #1: 5 total client(s). 100 total requests
spawning thread #2: 5 total client(s). 100 total requests
spawning thread #3: 5 total client(s). 100 total requests
spawning thread #4: 5 total client(s). 100 total requests
spawning thread #5: 5 total client(s). 100 total requests
spawning thread #6: 5 total client(s). 100 total requests
spawning thread #7: 5 total client(s). 100 total requests
spawning thread #8: 5 total client(s). 100 total requests
spawning thread #9: 5 total client(s). 100 total requests
TLS Protocol: TLSv1.3
Cipher: TLS_AES_128_GCM_SHA256
Server Temp Key: X25519 253 bits
Application protocol: h2
progress: 10% done
progress: 20% done
progress: 30% done
progress: 40% done
progress: 50% done
progress: 60% done
progress: 70% done
progress: 80% done
progress: 90% done
progress: 100% done

finished in 50.67ms, 19733.99 req/s, 3.24MB/s
requests: 1000 total, 1000 started, 1000 done, 1000 succeeded, 0 failed, 0 errored, 0 timeout
status codes: 1000 2xx, 0 3xx, 0 4xx, 0 5xx
traffic: 168.29KB (172333) total, 99.61KB (102000) headers (space savings 36.65%), 36.13KB (37000) data
                     min         max         mean         sd        +/- sd
time for request:       50us      8.50ms      2.10ms      2.30ms    82.00%
time for connect:     2.89ms     48.27ms     26.50ms     14.02ms    56.00%
time to 1st byte:     9.40ms     48.39ms     28.55ms     12.34ms    50.00%
req/s           :     412.03     2064.31      868.25      438.62    68.00%

=== BENCHMARK SUMMARY ===
Protocol: HTTP/2
End Time: 2025-06-29 13:49:40
