=== HTTP/2 BENCHMARK RESULTS ===
=== NETWORK CONDITIONS ===
Timestamp: 2025-06-28 14:24:33
Delay: 50ms
Loss: 0%
Router IP: 172.30.0.254
Server IP: 172.30.0.2
Current qdisc configuration:
qdisc netem 8089: root refcnt 9 limit 1000 delay 50ms

-t: warning: the number of threads is greater than hardware cores.
starting benchmark...
spawning thread #0: 5 total client(s). 100 total requests
spawning thread #1: 5 total client(s). 100 total requests
spawning thread #2: 5 total client(s). 100 total requests
spawning thread #3: 5 total client(s). 100 total requests
spawning thread #4: 5 total client(s). 100 total requests
spawning thread #5: 5 total client(s). 100 total requests
spawning thread #6: 5 total client(s). 100 total requests
spawning thread #7: 5 total client(s). 100 total requests
spawning thread #8: 5 total client(s). 100 total requests
spawning thread #9: 5 total client(s). 100 total requests
TLS Protocol: TLSv1.3
Cipher: TLS_AES_128_GCM_SHA256
Server Temp Key: X25519 253 bits
Application protocol: h2
progress: 10% done
progress: 20% done
progress: 30% done
progress: 40% done
progress: 50% done
progress: 60% done
progress: 70% done
progress: 80% done
progress: 90% done
progress: 100% done

finished in 50.50ms, 19802.76 req/s, 3.24MB/s
requests: 1000 total, 1000 started, 1000 done, 1000 succeeded, 0 failed, 0 errored, 0 timeout
status codes: 1000 2xx, 0 3xx, 0 4xx, 0 5xx
traffic: 167.29KB (171307) total, 98.63KB (101000) headers (space savings 37.27%), 36.13KB (37000) data
                     min         max         mean         sd        +/- sd
time for request:       66us     23.11ms     10.65ms      7.91ms    46.00%
time for connect:     1.93ms     48.49ms     23.23ms     14.64ms    58.00%
time to 1st byte:    24.86ms     48.78ms     33.84ms      7.00ms    66.00%
req/s           :     407.11      796.09      610.45      112.45    60.00%

=== BENCHMARK SUMMARY ===
Protocol: HTTP/2
End Time: 2025-06-28 14:24:33
