=== HTTP/3 BENCHMARK RESULTS ===
=== NETWORK CONDITIONS ===
Timestamp: 2025-06-30 20:52:40
Delay: 0ms
Loss: 0%
Router IP: 172.30.0.254
Server IP: 172.30.0.2
Current qdisc configuration:
qdisc noqueue 0: root refcnt 2 

Starting HTTP/3 benchmark with curl (h2load equivalent load)...
Requests: 1000, Connections: 50, Threads: 10, Max Concurrent: 50
Start time: Mon Jun 30 20:52:40 UTC 2025

Load Distribution (matching h2load):
  Requests per connection: 20
  Remaining requests: 0
  Connections per thread: 5
  Request data: "Hello from benchmark client - HTTP/2 vs HTTP/3 performance comparison test with realistic data payload for accurate measurement"

Starting 50 connections with 10 threads...
  Thread 1: starting 5 connections
  Thread 2: starting 5 connections
  Thread 3: starting 5 connections
  Thread 4: starting 5 connections
  Thread 5: starting 5 connections
  Thread 6: starting 5 connections
  Thread 7: starting 5 connections
  Thread 8: starting 5 connections
  Thread 9: starting 5 connections
  Thread 10: starting 5 connections
All connections started. Waiting for completion...
