=== HTTP/3 BENCHMARK RESULTS ===
=== NETWORK CONDITIONS ===
Timestamp: 2025-07-02 10:42:54
Delay: 50ms
Loss: 0%
Router IP: 172.30.0.254
Server IP: 172.30.0.2
Current qdisc configuration:
qdisc netem 8007: root refcnt 9 limit 1000 delay 50ms

=== CONNECTION ESTABLISHMENT PHASE ===
-t: warning: the number of threads is greater than hardware cores.
starting benchmark...
spawning thread #0: 5 total client(s). 50 total requests
spawning thread #1: 5 total client(s). 50 total requests
spawning thread #2: 5 total client(s). 50 total requests
spawning thread #3: 5 total client(s). 50 total requests
spawning thread #4: 5 total client(s). 50 total requests
spawning thread #5: 5 total client(s). 50 total requests
spawning thread #6: 5 total client(s). 50 total requests
spawning thread #7: 5 total client(s). 50 total requests
spawning thread #8: 5 total client(s). 50 total requests
spawning thread #9: 5 total client(s). 50 total requests
spawning thread #10: 5 total client(s). 50 total requests
spawning thread #11: 5 total client(s). 50 total requests
spawning thread #12: 5 total client(s). 50 total requests
spawning thread #13: 5 total client(s). 50 total requests
spawning thread #14: 5 total client(s). 50 total requests
spawning thread #15: 5 total client(s). 50 total requests
spawning thread #16: 5 total client(s). 50 total requests
spawning thread #17: 5 total client(s). 50 total requests
spawning thread #18: 5 total client(s). 50 total requests
spawning thread #19: 5 total client(s). 50 total requests
TLS Protocol: TLSv1.3
Cipher: TLS_AES_128_GCM_SHA256
Server Temp Key: X25519 253 bits
Application protocol: h3
progress: 10% done
progress: 20% done
progress: 30% done
progress: 40% done
progress: 50% done
progress: 60% done
progress: 70% done
progress: 80% done
progress: 90% done
progress: 100% done

finished in 1.04s, 961.16 req/s, 267.70KB/s
requests: 1000 total, 1000 started, 1000 done, 1000 succeeded, 0 failed, 0 errored, 0 timeout
status codes: 1000 2xx, 0 3xx, 0 4xx, 0 5xx
traffic: 278.52KB (285204) total, 210.88KB (215940) headers (space savings 26.80%), 60.55KB (62000) data
UDP datagram: 694 sent, 627 received
                     min         max         mean         sd        +/- sd
time for request:      912us    282.72ms     94.59ms    108.83ms    61.00%
time for connect:    66.51ms       1.02s    138.64ms    242.92ms    93.00%
time to 1st byte:    73.42ms       1.02s    218.30ms    243.07ms    93.00%
req/s           :       9.71      130.68       74.20       46.34    77.00%
Waiting 2s for connections to stabilize...
=== MEASUREMENT PHASE ===
-t: warning: the number of threads is greater than hardware cores.
starting benchmark...
spawning thread #0: 5 total client(s). 450 total requests
spawning thread #1: 5 total client(s). 450 total requests
spawning thread #2: 5 total client(s). 450 total requests
spawning thread #3: 5 total client(s). 450 total requests
spawning thread #4: 5 total client(s). 450 total requests
spawning thread #5: 5 total client(s). 450 total requests
spawning thread #6: 5 total client(s). 450 total requests
spawning thread #7: 5 total client(s). 450 total requests
spawning thread #8: 5 total client(s). 450 total requests
spawning thread #9: 5 total client(s). 450 total requests
spawning thread #10: 5 total client(s). 450 total requests
spawning thread #11: 5 total client(s). 450 total requests
spawning thread #12: 5 total client(s). 450 total requests
spawning thread #13: 5 total client(s). 450 total requests
spawning thread #14: 5 total client(s). 450 total requests
spawning thread #15: 5 total client(s). 450 total requests
spawning thread #16: 5 total client(s). 450 total requests
spawning thread #17: 5 total client(s). 450 total requests
spawning thread #18: 5 total client(s). 450 total requests
spawning thread #19: 5 total client(s). 450 total requests
TLS Protocol: TLSv1.3
Cipher: TLS_AES_128_GCM_SHA256
Server Temp Key: X25519 253 bits
Application protocol: h3
progress: 10% done
progress: 20% done
progress: 30% done
progress: 40% done
progress: 50% done
progress: 60% done
progress: 70% done
progress: 80% done
progress: 90% done
progress: 100% done

finished in 1.08s, 6361.02 req/s, 1.74MB/s
requests: 9000 total, 9000 started, 7909 done, 6898 succeeded, 2102 failed, 2102 errored, 0 timeout
status codes: 6911 2xx, 0 3xx, 0 4xx, 0 5xx
traffic: 1.89MB (1983962) total, 1.42MB (1492355) headers (space savings 26.80%), 418.44KB (428482) data
UDP datagram: 1612 sent, 2418 received
                     min         max         mean         sd        +/- sd
time for request:     1.48ms    515.21ms    244.33ms    162.49ms    53.02%
time for connect:    96.30ms       1.02s    164.10ms    236.59ms    93.00%
time to 1st byte:   105.64ms       1.03s    184.62ms    233.35ms    92.93%
req/s           :       0.00      235.82      125.65       53.25    67.00%

=== BENCHMARK SUMMARY ===
Protocol: HTTP/3 (confirmed)
Fair Comparison: Enabled
Warmup Requests: 1000
Measurement Requests: 9000
End Time: 2025-07-02 10:42:59
CSV Log: /logs/h3_50ms_0pct.csv
